[ 2021年05月 8日 14:25:19 ] {"id":5021,"uuid":"6e8d5dca-6d65-479f-ba05-55db04987ae9","hitokoto":"为什么要担心？如果努力了，担心不会让结果变得更好。","type":"k","from":"迪士尼","from_who":null,"creator":"CY-Track","creator_uid":4740,"reviewer":1044,"commit_from":"web","created_at":"1580263026","length":25}
[ 2021年05月 8日 14:27:16 ] {"id":1003,"uuid":"8ea93cd8-5d72-40e9-8446-f6649b31dba3","hitokoto":"干燥的冷气，尘埃的味道，我在其中……踏上旅途。","type":"a","from":"四月是你的谎言","from_who":"宫园薰","creator":"863885806","creator_uid":0,"reviewer":0,"commit_from":"web","created_at":"1481086547","length":23}
[ 2021年05月 8日 14:29:26 ] {"id":4050,"uuid":"457df911-efa3-475d-a657-4e6fe951bbc6","hitokoto":"我身上早已烙下沉默燃烧后遗留下来的哀愁","type":"e","from":"原创","from_who":null,"creator":"key lin","creator_uid":2340,"reviewer":0,"commit_from":"web","created_at":"1542337129","length":19}
[ 2021年05月 8日 14:58:19 ] {"id":6418,"uuid":"4a14fd11-9e45-4935-bd16-da864c361fe9","hitokoto":"无垢清净光，慧日破诸暗，能伏灾风火，普明照世间。","type":"k","from":"法华经","from_who":"鸠摩罗什","creator":"范.那内海姆","creator_uid":2913,"reviewer":1,"commit_from":"web","created_at":"1596274765","length":24}
[ 2021年05月 8日 15:04:15 ] {"id":373,"uuid":"708e593b-806e-4e6e-b3f7-64780822e79f","hitokoto":"你在颓废的时候别人都在努力哦~♪","type":"e","from":"椎名奈緒","from_who":null,"creator":"椎名奈緒","creator_uid":0,"reviewer":0,"commit_from":"web","created_at":"1468949380","length":16}
[ 2021年05月 8日 15:04:39 ] {"id":4859,"uuid":"7a92d8e9-557f-44ea-b93d-3b2b0dff17ff","hitokoto":"这样叹气的话，幸福会像四处逃散的小蜘蛛一样溜走的。","type":"a","from":"辉夜大小姐想让我告白","from_who":null,"creator":"Ac1","creator_uid":4239,"reviewer":4756,"commit_from":"web","created_at":"1573293881","length":25}
[ 2021年05月 8日 15:08:08 ] {"id":5594,"uuid":"e8f4ee1c-e21a-4996-8c6d-b35621604ef9","hitokoto":"系我一生心，负你千行泪。","type":"i","from":"忆帝京·薄衾小枕凉天气","from_who":"柳永","creator":"a632079","creator_uid":1044,"reviewer":1044,"commit_from":"api","created_at":"1586266410","length":12}
[ 2021年05月 8日 15:09:07 ] {"id":1035,"uuid":"0182b012-d353-40fd-bad9-be687ee1028d","hitokoto":"那天，我听到了种子破土的声音，又细微又坚定。","type":"b","from":"子不语","from_who":"夏达","creator":"863885806","creator_uid":0,"reviewer":0,"commit_from":"web","created_at":"1481086547","length":22}
[ 2021年05月 8日 15:10:16 ] {"id":3849,"uuid":"d1b5d0f6-23f0-49fa-96d9-16a4dd597d56","hitokoto":"天子坛中寻一笑，枕月云深魏无羡。","type":"d","from":"魔道祖师","from_who":null,"creator":"我養你啊_","creator_uid":2033,"reviewer":0,"commit_from":"web","created_at":"1537446492","length":16}
[ 2021年05月 8日 15:11:28 ] {"id":5038,"uuid":"ca0ac2a1-6274-4144-b543-df98b4e9ccab","hitokoto":"夕阳真是耀眼无比啊。","type":"a","from":"女高中生的虚度日常","from_who":null,"creator":"天空绝不认输","creator_uid":4597,"reviewer":4756,"commit_from":"web","created_at":"1578149905","length":10}
[ 2021年05月 8日 15:33:27 ] {"id":5109,"uuid":"0b9533fc-3850-43f6-bb03-423a5dbf2fa5","hitokoto":"荷尔蒙决定一见钟情，多巴胺决定天长地久。","type":"j","from":"网易云","from_who":"不自爱里迷失","creator":"小忧忧","creator_uid":4701,"reviewer":4756,"commit_from":"web","created_at":"1582646766","length":20}
[ 2021年05月 8日 15:33:54 ] {"id":5362,"uuid":"5bf9d153-8309-4db3-a59b-28572432a1e4","hitokoto":"忘掉生日，忘掉青涩的诗，忘掉他不厌其烦夜夜追逐他影子。","type":"h","from":"菱形月亮","from_who":"邱意","creator":"Muzi.言寺","creator_uid":5655,"reviewer":4756,"commit_from":"web","created_at":"1585293912","length":27}
[ 2021年05月 8日 18:45:08 ] {"id":1170,"uuid":"fee0e9ef-4c7f-4a3f-b107-6d830c3383a0","hitokoto":"我笑了，开怀的笑了，真的","type":"e","from":"小C","from_who":null,"creator":"KKMC","creator_uid":312,"reviewer":0,"commit_from":"web","created_at":"1492774071","length":12}
[ 2021年05月11日 18:42:46 ] {"id":5249,"uuid":"281d9aa6-5b69-4d63-a281-81a83f734452","hitokoto":"我们在青春里遇见，写下纯白的誓言，在夏天来临之前。","type":"g","from":"在青春里遇见","from_who":null,"creator":"狂三游六花。","creator_uid":5315,"reviewer":1,"commit_from":"web","created_at":"1583809501","length":25}
[ 2021年05月11日 18:46:23 ] {"id":6457,"uuid":"0e763da0-7eda-431f-9712-0accf900edb9","hitokoto":"我希望兜兜转转之后那个人还是你.","type":"j","from":"网易云音乐","from_who":"不要半夜躲在被子里哭了","creator":"VenomSnake","creator_uid":7323,"reviewer":4756,"commit_from":"web","created_at":"1601639030","length":16}
[ 2021年05月11日 18:47:23 ] {"id":6472,"uuid":"96ee1e66-508d-422f-acf1-b7de9de596ae","hitokoto":"I'm nothing without you.","type":"h","from":"The Flash","from_who":"Clifford Devo","creator":"流幻的光","creator_uid":7468,"reviewer":6844,"commit_from":"web","created_at":"1602837770","length":24}
[ 2021年05月11日 18:56:58 ] {"id":5439,"uuid":"c27b5554-6d5d-4146-80c8-5d2fa8538e7b","hitokoto":"任尘世繁华，唯有守护你的一切，才是我此生唯一的使命。","type":"b","from":"次元战争·红龙","from_who":"初启源","creator":"Rain","creator_uid":5767,"reviewer":4756,"commit_from":"web","created_at":"1586109411","length":26}
[ 2021年05月11日 19:12:06 ] {"id":6503,"uuid":"6c7697d2-46e1-413b-a40c-11a999bfd0db","hitokoto":"我们把世界看错，反说它欺骗了我们。","type":"k","from":"飞鸟集","from_who":"泰戈尔","creator":"恏戋余","creator_uid":7045,"reviewer":6844,"commit_from":"app","created_at":"1598342433","length":17}
[ 2021年05月11日 19:12:08 ] {"id":5370,"uuid":"1a2f4f01-28a4-4f93-84fa-789049c9759d","hitokoto":"锦官红妆否？不见故人裙。","type":"i","from":"无题","from_who":"佚名","creator":"郭遥","creator_uid":5654,"reviewer":4756,"commit_from":"web","created_at":"1585446898","length":12}
[ 2021年05月12日 9:20:05 ] {"id":99,"uuid":"155654de-02dd-48fb-b39b-ca016cdf3934","hitokoto":"当朋友是不需要什么资格的。","type":"a","from":"全职猎人","from_who":null,"creator":"绤谷少年。","creator_uid":0,"reviewer":0,"commit_from":"web","created_at":"1468605909","length":13}
[ 2021年05月12日 17:51:31 ] {"id":290,"uuid":"71a50cf7-b07e-4b0e-8ffb-196b92406e4e","hitokoto":"只要你还记得我，我就会一直在你的身边。","type":"c","from":"符文工房","from_who":null,"creator":"摇篮の月","creator_uid":0,"reviewer":0,"commit_from":"web","created_at":"1468948790","length":19}
[ 2021年05月12日 17:51:57 ] {"id":6472,"uuid":"96ee1e66-508d-422f-acf1-b7de9de596ae","hitokoto":"I'm nothing without you.","type":"h","from":"The Flash","from_who":"Clifford Devo","creator":"流幻的光","creator_uid":7468,"reviewer":6844,"commit_from":"web","created_at":"1602837770","length":24}
[ 2021年05月12日 17:52:28 ] {"id":5646,"uuid":"4d41d306-7fbf-449d-b46e-18ada1b36f0c","hitokoto":"年年岁岁花相似，岁岁年年人不同。","type":"i","from":"代悲白头翁 / 白头吟 / 有所思","from_who":"刘希夷","creator":"a632079","creator_uid":1044,"reviewer":1044,"commit_from":"api","created_at":"1586271513","length":16}
[ 2021年05月12日 17:52:33 ] {"id":5204,"uuid":"739cb56b-3e22-4dbe-b018-861acf248b2e","hitokoto":"我们是独立的个体，却不是孤独的存在。","type":"k","from":"千里共良宵","from_who":null,"creator":"2247","creator_uid":5148,"reviewer":1044,"commit_from":"app","created_at":"1583290826","length":18}
[ 2021年05月12日 17:52:38 ] {"id":5402,"uuid":"ef15c2ad-8c48-40b1-af0a-2e9466a74e3a","hitokoto":"这个世界并没有变坏，只是人们自己的心、坏了。","type":"e","from":"原创","from_who":"Qicloud","creator":"Qicloud","creator_uid":4635,"reviewer":1044,"commit_from":"web","created_at":"1585493564","length":22}
[ 2021年05月13日 9:27:53 ] {"id":869,"uuid":"ff67e1aa-583e-41e0-9584-0bbcf41fac3c","hitokoto":"只有懦弱和失败者才会四处寻找借口","type":"f","from":"网络","from_who":null,"creator":"hitokoto","creator_uid":1775,"reviewer":0,"commit_from":"web","created_at":"1478787580","length":16}
[ 2021年05月14日 15:16:03 ] {"id":935,"uuid":"fa2dd5f5-d593-42ed-b024-13a059b5bcf5","hitokoto":"其实美丽的故事都是没有结局的，只因为它没有结局所以才会美丽。","type":"b","from":"萤火之森","from_who":null,"creator":"hitokoto","creator_uid":1775,"reviewer":0,"commit_from":"web","created_at":"1478787580","length":30}
